Discovering careers pages: 225 to do, 57 already resolved

  1/225 MISS   7  Instinctif Partners                    None  [CHANGED]
  2/225 MISS   9  Edelman Brussels                       None  [CHANGED]
  3/225 MISS   8  Terre des Hommes EU Office             None  [CHANGED]
  4/225 OK    27  DG COMM (European Commission)          https://commission.europa.eu/get-involved/jobs-europ  [CHANGED]
  5/225 OK    23  MSF Access Campaign                    https://msfaccess.org/vacancies  [CHANGED]
  6/225 OK    29  VOICE                                  https://voiceeu.org/about-us/vacancies  [CHANGED]
  7/225 OK    22  Trocaire EU Office                     https://www.trocaire.org/join-us/board-and-committee  [CHANGED]
  8/225 OK    20  Blue Book Traineeship (European Commis https://traineeships.ec.europa.eu/administrative-tra  [CHANGED]
  9/225 OK    22  CAST Permanent (EPSO)                  https://eu-careers.europa.eu/en/job-opportunities/op  [CHANGED]
 10/225 MED   13  World Vision Brussels                  https://jobsin.brussels/organisations/world-vision-e  [CHANGED]
 11/225 OK    25  EU Delegation to Mexico                https://www.eeas.europa.eu/eeas/eeas-vacancy-regiona  [CHANGED]
 12/225 OK    25  Junior Professionals in Delegation (JP https://www.eeas.europa.eu/eeas/eeas-vacancy-regiona  [CHANGED]
 13/225 OK    29  EEAS - Americas Division               https://www.eeas.europa.eu/eeas/eeas-vacancy-regiona  [CHANGED]
 14/225 OK    21  MEP offices - AFET committee members   https://www.europarl.europa.eu/news/en/press-room/20  [CHANGED]
 15/225 OK    21  MEP offices - DEVE committee members   https://www.europarl.europa.eu/news/en/press-room/20  [CHANGED]
 16/225 OK    22  MEP offices - DROI subcommittee member https://www.europarl.europa.eu/at-your-service/en/wo  [CHANGED]
 17/225 OK    25  Memisa                                 https://memisa.be/en/jobs/  [CHANGED]
 18/225 OK    21  MEP offices - LIBE committee members   https://www.europarl.europa.eu/news/en/press-room/20  [CHANGED]
 19/225 OK    21  European Parliament - Schuman Trainees https://www.europarl.europa.eu/news/en/press-room/20  [CHANGED]
 20/225 MED   16  DG HOME                                https://home-affairs.ec.europa.eu/policies/migration  [CHANGED]
 21/225 OK    29  DG ECHO (Humanitarian Aid)             https://civil-protection-humanitarian-aid.ec.europa.  [CHANGED]
 22/225 OK    22  European Parliament - Greens/EFA       https://www.greens-efa.eu/en/get-involved/work-with-  [CHANGED]
 23/225 OK    19  European Parliament - S&D Group        https://www.socialistsanddemocrats.eu/working-with-u  [CHANGED]
 24/225 OK    25  European Parliament - The Left (GUE/NG https://left.eu/vacancies/
 25/225 OK    23  EPSO - International affairs specialis https://eu-careers.europa.eu/en/job-opportunities/op  [CHANGED]
 26/225 OK    23  DG SANTE                               https://health.ec.europa.eu/health-emergency-prepare  [CHANGED]
 27/225 OK    22  EPSO AD5 Graduates                     https://eu-careers.europa.eu/en/job-opportunities/op  [CHANGED]
 28/225 OK    26  EIGE (European Institute for Gender Eq https://eige.europa.eu/about/recruitment/closed  [CHANGED]
 29/225 OK    25  EU Delegation to Colombia              https://www.eeas.europa.eu/eeas/eeas-vacancy-regiona  [CHANGED]
 30/225 OK    22  European Parliament - EPRS             https://www.europarl.europa.eu/at-your-service/en/wo  [CHANGED]
 31/225 OK    31  EU Agency for Fundamental Rights (FRA) https://fra.europa.eu/es/about-fra/recruitment/vacan  [CHANGED]
 32/225 OK    29  EUAA (EU Agency for Asylum)            https://www.euaa.europa.eu/careers/vacancies  [CHANGED]
 33/225 OK    22  DG INTPA (International Partnerships)  https://international-partnerships.ec.europa.eu/jobs  [CHANGED]
 34/225 OK    19  European Parliament - EPP Group        https://www.eppgroup.eu/who-we-are/careers  [CHANGED]
 35/225 OK    25  European Parliament - Renew Europe     https://www.reneweuropegroup.eu/careers  [CHANGED]
 36/225 OK    27  Frontex                                https://www.frontex.europa.eu/careers/vacancies/open  [CHANGED]
 37/225 MED   10  Publications Office / EU Newsroom      https://jobsin.brussels/  [CHANGED]
 38/225 OK    23  EPHA (European Public Health Alliance) https://epha.org/careers/  [CHANGED]
 39/225 OK    19  Global Health Advocates                https://www.ghadvocates.eu/app/uploads/2024-CSOs-Job  [CHANGED]
 40/225 OK    21  European Patients' Forum               https://www.eu-patient.eu/about-epf/job-vacancies/  [CHANGED]
 41/225 OK    23  Institute of Tropical Medicine (ITM)   https://www.itg.be/en/jobs-and-research-opportunitie  [CHANGED]
 42/225 MED   16  Mental Health Europe                   https://www.mentalhealtheurope.org/vacancy/  [CHANGED]
 43/225 MED   15  Amnesty International EU Office        https://jobsin.brussels/jobs/amnesty-international-o  [CHANGED]
 44/225 OK    24  EAPN (European Anti-Poverty Network)   https://www.eapn.eu/policy-and-advocacy-assistant/  [CHANGED]
 45/225 OK    20  Sciensano                              https://www.sciensano.be/en/working-doing-internship  [CHANGED]
 46/225 MED   14  FIDH EU Office                         https://www.fidh.org/IMG/pdf/za486a.pdf  [CHANGED]
 47/225 OK    27  Amnesty International Belgique francop https://www.amnesty.be/travailler-amnesty/jobs-stage  [CHANGED]
 48/225 OK    25  ENAR (European Network Against Racism) https://www.enar-eu.org/jobs/  [CHANGED]
 49/225 OK    21  Human Rights Watch Brussels            https://www.hrw.org/about/get-local/san-francisco/jo  [CHANGED]
 50/225 OK    29  ProtectDefenders.eu                    https://protectdefenders.eu/category/job-opportuniti  [CHANGED]
 51/225 OK    22  ILGA-Europe                            https://www.ilga-europe.org/about-us/work-with-us/  [CHANGED]
 52/225 MED   14  IPPF European Network                  https://jobsin.brussels/jobs/international-planned-p  [CHANGED]
 53/225 OK    23  OMCT Europe (World Organisation Agains https://www.omct.org/en/who-we-are/careers  [CHANGED]
 54/225 OK    25  Institut pour l'egalite des femmes et  https://igvm-iefh.belgium.be/nl/jobs  [CHANGED]
 55/225 OK    22  Open Society European Policy Institute https://www.opensocietyfoundations.org/employment/wo  [CHANGED]
 56/225 OK    24  European Women's Lobby                 https://womenlobby.org/articles-archive/vacancies-at  [CHANGED]
 57/225 OK    23  Social Platform                        https://www.socialplatform.org/vacancies/  [CHANGED]
 58/225 OK    20  Vie Feminine                           https://www.viefeminine.be/nos-offres-d-emploi-855  [CHANGED]
 59/225 MED   14  Front Line Defenders - EU Office       https://www.frontlinedefenders.org/sites/default/fil  [CHANGED]
 60/225 MED   14  Equinet                                https://jobsin.brussels/jobs/equinet-policy-officer-  [CHANGED]
 61/225 OK    23  ERGO Network                           https://ergonetwork.org/category/vacancies/  [CHANGED]
 62/225 OK    27  Eurochild                              https://eurochild.org/vacancies/
 63/225 MED   14  Reporters Without Borders (RSF)        https://rsf.org/en/reporters-without-borders-rsf-uk  [CHANGED]
 64/225 OK    18  European Disability Forum              https://www.edf-feph.org/work-with-us/  [CHANGED]
 65/225 OK    18  BePax                                  https://bepax.org  [CHANGED]
 66/225 OK    23  European Roma Rights Centre            https://www.errc.org/get-involved/jobs  [CHANGED]
 67/225 OK    27  Amazone asbl                           https://www.amazone.be/en/jobs-3/  [CHANGED]
 68/225 OK    23  FEANTSA                                https://www.feantsa.org/vacancies  [CHANGED]
 69/225 OK    27  Global Witness                         https://globalwitness.org/en/careers/current-vacanci  [CHANGED]
 70/225 MED   10  IOM - Regional Office Brussels         https://www.trustedjobs.eu/jobs/1963  [CHANGED]
 71/225 OK    20  AGE Platform Europe                    https://www.age-platform.eu/employment/  [CHANGED]
 72/225 OK    25  NATO HQ - Public Diplomacy Division    https://www.nato.int/en/work-with-us/careers/vacanci  [CHANGED]
 73/225 MED   13  MRAX                                   https://mrax.be/  [CHANGED]
 74/225 MED   16  ICRC - Delegation to the EU/NATO       https://careers.icrc.org/go/All-Jobs/3807301/  [CHANGED]
 75/225 MED   12  UNHCR - Representation to the EU       https://jobsin.brussels/organisations/unhcr/  [CHANGED]
 76/225 MED   14  Fair Trials                            https://jobsin.brussels/jobs/fair-trials-legal-consu  [CHANGED]
 77/225 OK    29  UN Women Brussels                      https://www.unwomen.org/en/jobs/unwomen  [CHANGED]
 78/225 OK    22  OHCHR - Europe Regional Office         https://www.ohchr.org/en/work-with-us
 79/225 OK    18  UNDP Brussels                          https://jobs.undp.org/cj_view_jobs.cfm  [CHANGED]
 80/225 OK    25  UNRIC (UN Regional Information Centre) https://unric.org/en/brussels-vacancies/  [CHANGED]
 81/225 OK    22  UNICEF Brussels                        https://www.unicef.org/careers/vacancies  [CHANGED]
 82/225 OK    18  Council of Europe - Liaison Office     https://talents.coe.int/en_GB/careersmarketplace/Sea  [CHANGED]
 83/225 OK    26  NATO HQ - Emerging Security Challenges https://nato.taleo.net/careersection/2/jobsearch.ftl  [CHANGED]
 84/225 OK    25  FAO Liaison Office                     https://www.fao.org/americas/jobs/en  [CHANGED]
 85/225 OK    20  ILO Office for the EU                  https://www.ilo.org/about-ilo/employment-opportuniti  [CHANGED]
 86/225 OK    18  UNESCO Liaison Office                  https://careers.unesco.org/go/All-jobs-openings/7825  [CHANGED]
 87/225 OK    23  WFP Brussels                           https://www.wfp.org/careers
 88/225 OK    25  Broederlijk Delen                      https://broederlijkdelen.be/en/vacatures  [CHANGED]
 89/225 MED   10  OCHA Brussels (Liaison)                https://jobsin.brussels/  [CHANGED]
 90/225 OK    27  UNFPA Brussels                         https://www.unfpa.org/jobs
 91/225 MISS   8  IFRC Europe / Brussels                 None  [CHANGED]
 92/225 MED   11  CIFCA (Copenhagen Initiative for Centr https://jobsin.brussels/  [CHANGED]
 93/225 MED   11  Entraide et Fraternite                 https://jobsin.brussels/  [CHANGED]
 94/225 MED   14  Embassy of Mexico in Belgium           https://be.usembassy.gov/jobs/  [CHANGED]
 95/225 OK    25  World Bank - Brussels Office           https://www.worldbank.org/ext/en/careers  [CHANGED]
 96/225 MED   12  Mexican Mission to the EU              https://trabajosi.nl.gob.mx/  [CHANGED]
 97/225 MED   14  OIDHACO (Oficina Internacional de Dere https://www.oidhaco.org/en/parliamentary-question-on  [CHANGED]
 98/225 MED   11  Le Monde selon les Femmes              https://www.mondefemmes.org/  [CHANGED]
 99/225 OK    23  Peace Brigades International - Europea https://peacebrigades.org/en/get-involved/jobs-pbi  [CHANGED]
100/225 OK    29  Protection International               https://www.protectioninternational.org/vacancies/
101/225 OK    20  Rikolto (ex-Vredeseilanden)            https://www.rikolto.be/jobs  [CHANGED]
102/225 OK    18  SOS Faim                               https://www.humundi.org/en/homepage/  [CHANGED]
103/225 OK    26  Wallonie-Bruxelles International (WBI) https://www.wbi.be/fr/emploi  [CHANGED]
104/225 OK    24  EU-LAC Foundation                      https://eulacfoundation.org/en/opportunities/job-opp  [CHANGED]
105/225 OK    24  Commission Justice et Paix (Belgique f https://www.justicepaix.be/emplois-et-stages/  [CHANGED]
106/225 OK    23  Eclosio (ULiege NGO)                   https://www.eclosio.ong/jobs/  [CHANGED]
107/225 MED   15  FOS (Socialistische Solidariteit)      https://www.fos.ngo/unter-the-game-speelmee/  [CHANGED]
108/225 OK    23  Iles de Paix                           https://www.ilesdepaix.org/agir/jobs-et-stages/  [CHANGED]
109/225 OK    27  Louvain Cooperation (UCLouvain NGO)    https://louvaincooperation.org/en/jobs-et-stages  [CHANGED]
110/225 MED   14  Mission of Chile to the EU             https://www.chile.gob.cl/onu/oportunidades/oportunid  [CHANGED]
111/225 MED   12  Instituto Cervantes Bruselas           https://bruselas.cervantes.es/fr/default.shtm  [CHANGED]
112/225 MED   11  Mission of Argentina to the EU         https://jobsin.brussels/  [CHANGED]
113/225 MED   11  Mission of Peru to the EU              https://jobsin.brussels/  [CHANGED]
114/225 MED   16  Quinoa asbl                            https://quinoa.be/en/projet/bap/  [CHANGED]
115/225 MED   10  Mission of Colombia to the EU          https://jobsin.brussels/  [CHANGED]
116/225 OK    26  Trias                                  https://www.trias.ngo/nl/over-trias/onze-organisatie  [CHANGED]
117/225 MED   13  Fundacion Carolina                     https://www.fundacioncarolina.es/wp-content/uploads/  [CHANGED]
118/225 OK    18  Spanish Permanent Representation to th https://www.exteriores.gob.es/Embajadas/addisabeba/e  [CHANGED]
119/225 OK    21  Mission of Brazil to the EU            https://www.gov.br/mre/pt-br/embaixada-londres/job-v  [CHANGED]
120/225 MED   17  Euractiv                               https://jobs.euractiv.com/job-alerts/brussels/  [CHANGED]
121/225 MED   14  Agence Europe                          https://agenceurope.eu/en/bulletin/article/13431/4/l  [CHANGED]
122/225 OK    20  Viva Salud                             https://www.vivalis.brussels/nl/jobs  [CHANGED]
123/225 OK    23  Belga News Agency                      https://www.belga.be/jobs/  [CHANGED]
124/225 OK    26  hub.brussels / AWEX - LatAm desks      https://hub.brussels/en/join-us/  [CHANGED]
125/225 MED   17  EUobserver                             https://euobserver.com/228368/from-trojan-horse-in-b  [CHANGED]
126/225 OK    24  Real Instituto Elcano                  https://www.realinstitutoelcano.org/en/work-document  [CHANGED]
127/225 OK    27  Politico Europe                        https://www.politico.eu/careers/
128/225 OK    19  The Brussels Times                     https://www.brusselstimes.com/237721/record-number-o  [CHANGED]
129/225 OK    23  RTBF                                   https://emploi.rtbf.be/go/Jobs/9209701/  [CHANGED]
130/225 OK    27  Caritas Europa                         https://www.caritas.eu/opportunities-at-caritas/  [CHANGED]
131/225 OK    23  VRT                                    https://www.vrt.be/nl/jobs/werken-bij-vrt  [CHANGED]
132/225 OK    23  ECRE                                   https://ecre.org/home/vacancies/  [CHANGED]
133/225 OK    18  PICUM                                  https://picum.org/join-us/  [CHANGED]
134/225 MED   15  CGRA / CGVS (Refugees & Stateless Pers https://www.cgra.be/sites/default/files/rapporten/co  [CHANGED]
135/225 OK    27  Caritas International Belgium          https://www.caritasinternational.be/en/jobs/  [CHANGED]
136/225 OK    23  CIRE                                   https://www.cire.be/offres-demploi/  [CHANGED]
137/225 OK    23  BAPA (Bureaux d'Accueil pour Primo-Arr https://www.bapabxl.be/en/emploi  [CHANGED]
138/225 OK    25  Fedasil                                https://www.fedasil.be/nl/werken-bij-fedasil  [CHANGED]
139/225 MED   16  Foyer vzw                              https://www.foyer.be/news/linking-eymid/?lang=en  [CHANGED]
140/225 MED   14  Jesuit Refugee Service Europe          https://jrseurope.org/en/news/malta-no-giving-up-sto  [CHANGED]
141/225 OK    23  ICMPD                                  https://www.icmpd.org/work-with-us  [CHANGED]
142/225 OK    24  Migration Policy Institute Europe      https://www.migrationpolicy.org/mpi-europe/work-with  [CHANGED]
143/225 OK    23  Myria (Federal Migration Centre)       https://www.myria.be/nl/publicaties/careers-the-long  [CHANGED]
144/225 MED   14  Convivial                              https://www.convivial.be/travailler-a-convivial/  [CHANGED]
145/225 MISS   7  Plateforme Citoyenne de Soutien aux Re None  [CHANGED]
146/225 MED   12  European Migration Network (EMN)       https://home-affairs.ec.europa.eu/policies/migration  [CHANGED]
147/225 OK    23  Red Cross EU Office                    https://redcross.eu/about/careers  [CHANGED]
148/225 OK    25  Unia (Equality Body)                   https://www.unia.be/fr/jobs  [CHANGED]
149/225 MED   14  CCME (Churches' Commission for Migrant https://ccme.eu/storage/app/media/uploads/2018/11/20  [CHANGED]
150/225 OK    28  Agentschap Integratie en Inburgering   https://jobpage.cvwarehouse.com/?companyGuid=b2903ff  [CHANGED]
151/225 MED   14  European Network on Statelessness      https://www.statelessness.eu/sites/www.statelessness  [CHANGED]
152/225 MED   12  La Strada International                https://www.lastradainternational.org/what-is-human-  [CHANGED]
153/225 OK    23  Office des Etrangers / Dienst Vreemdel https://dofi.ibz.be/nl/jobs  [CHANGED]
154/225 OK    27  Vluchtelingenwerk Vlaanderen           https://vluchtelingenwerk.be/vacatures  [CHANGED]
155/225 MED   10  Mentor-Escale                          https://jobsin.brussels/  [CHANGED]
156/225 OK    26  Missing Children Europe                https://missingchildreneurope.eu/vacancy-communicati  [CHANGED]
157/225 MED   14  SOLIDAR                                https://www.solidar.org/wp-content/uploads/2024/10/b  [CHANGED]
158/225 MED   16  International Crisis Group             https://jobs.crisisgroup.org/  [CHANGED]
159/225 MED   13  Search for Common Ground - European HQ https://jobsin.brussels/organisations/search-for-com  [CHANGED]
160/225 OK    22  EUISS (EU Institute for Security Studi https://www.iss.europa.eu/activities/news/new-euiss-  [CHANGED]
161/225 OK    27  EPLO (European Peacebuilding Liaison O https://eplo.org/vacancies/  [CHANGED]
162/225 OK    27  International Alert - Brussels         https://www.international-alert.org/about/jobs/  [CHANGED]
163/225 MED   17  GRIP (Groupe de recherche et d'informa https://www.grip.events/about/careers  [CHANGED]
164/225 MED   12  ICF (Avenue Marnix)                    https://careers.icf.com/us/en  [CHANGED]
165/225 OK    23  Ecorys (Rue Belliard)                  https://www.ecorys.com/work-with-us/  [CHANGED]
166/225 MED   14  Blomeyer & Sanz                        https://www.blomeyer.eu/  [CHANGED]
167/225 MED   14  Pax Christi International              https://paxchristi.net/protecting-human-rights-in-th  [CHANGED]
168/225 OK    22  Verian (ex-Kantar Public)              https://www.veriangroup.com/careers
169/225 OK    25  Technopolis Group Belgium              https://technopolis-group.jobs.personio.com/?languag  [CHANGED]
