Enriching 243 of 483 organisations (Brave)

  1/243 OK        —     Actiris International              https://www.actiris.brussels/fr/citoyens/off
  2/243 OK        —     APEFE                              https://www.apefe.org/jobs/
  3/243 MISS      —     Belgian Development Agency (Enabel 
  4/243 MISS      —     BIO (Belgian Investment Company fo 
  5/243 MISS      —     Brussels International             
  6/243 MISS      —     Brussels Housing (Bruxelles Logeme 
  7/243 OK        —     Bruxelles Environnement / Leefmili https://environnement.brussels/offres-emploi
  8/243 MISS      —     Bruxelles Prévention & Sécurité    
  9/243 MISS      —     Comité P / Comité R                
 10/243 MISS      —     Conseil supérieur de la Justice    
 11/243 MISS      —     Délégation générale Wallonie-Bruxe 
 12/243 MED       —     CPAS de Bruxelles / OCMW Brussel   https://cpasbxl.brussels/?p=71
 13/243 MISS      —     Conseil du contentieux des étrange 
 14/243 MISS      —     Brussels Studies Institute         
 15/243 MISS      —     FPS Justice - International cooper 
 16/243 MISS      —     FPS Social Security - Internationa 
 17/243 OK      0d ago  Bruxelles Formation                https://www.bruxellesformation.brussels/blog
 18/243 MISS      —     Federal Institute for Sustainable  
 19/243 MED       —     Federal Ombudsman                  https://www.ombudsman.europa.eu/office/caree
 20/243 MISS      —     Finexpo                            
 21/243 MISS      —     Flanders Department of Foreign Aff 
 22/243 OK      0d ago  Commune Auderghem / Oudergem       https://www.oudergem.be/jobs
 23/243 OK   2708d ago  Commune Berchem-Sainte-Agathe / Si https://berchem.brussels/fr/nous-administrat
 24/243 OK      2d ago  Commune Bruxelles-Ville / Stad Bru https://www.brussel.be/vacatures
 25/243 MISS      —     Commune Forest / Vorst             
 26/243 OK        —     Commune Ixelles / Elsene           https://www.ixelles.be/site/107-Offres-d-emp
 27/243 MISS      —     Commune Molenbeek-Saint-Jean / Sin 
 28/243 OK      8d ago  Innoviris                          https://www.innoviris.brussels/jobs
 29/243 MISS      —     Commune Saint-Josse-ten-Noode / Si 
 30/243 OK    374d ago  Commune Saint-Gilles / Sint-Gillis https://stgilles.brussels/offres-demploi/
 31/243 MISS      —     Commune Schaerbeek / Schaarbeek    
 32/243 MED       —     Commune Uccle / Ukkel              https://www.uccle.be/fr/vie-pratique/emploi/
 33/243 OK        —     Commune Woluwe-Saint-Lambert / Sin https://www.woluwe1200.be/jobs/
 34/243 MISS      —     Commune Woluwe-Saint-Pierre / Sint 
 35/243 MED       —     Commune Watermael-Boitsfort / Wate https://watermaelboitsfort.talentfinder.be/f
 36/243 OK      0d ago  Commune de Anderlecht              https://www.anderlecht.be/fr/emploi
 37/243 OK      0d ago  Commune de Etterbeek               https://etterbeek.brussels/fr/themes/emploi-
 38/243 OK    328d ago  Commune de Ganshoren               https://www.ganshoren.be/offres-emploi-candi
 39/243 OK    241d ago  Commune de Evere                   https://cpasevere.brussels/jobs/
 40/243 OK      0d ago  Commune de Jette                   https://jette.brussels/fr/emploi-vie-commerc
 41/243 MISS      —     Gemeente/Commune Asse              
 42/243 OK      0d ago  Gemeente/Commune Beersel           https://www.beersel.be/vacatures
 43/243 OK   1618d ago  Gemeente/Commune Braine-l'Alleud   https://www.braine-lalleud.be/en-un-clic/nos
 44/243 MED       —     Commune de Koekelberg              https://www.koekelberg.be/w/index.php?cont=2
 45/243 MISS      —     Gemeente/Commune Drogenbos         
 46/243 OK      0d ago  Gemeente/Commune Dilbeek           https://www.dilbeek.be/nl/themas/vacatures
 47/243 MISS      —     Gemeente/Commune Halle             
 48/243 OK    183d ago  Gemeente/Commune Grimbergen        https://www.grimbergen.be/vacatures
 49/243 OK        —     Gemeente/Commune Kraainem          https://www.kraainem.be/fr/theme/3029/offres
 50/243 OK      0d ago  Gemeente/Commune Hoeilaart         https://hoeilaart.be/vacatures
 51/243 OK      3d ago  Gemeente/Commune Leuven            https://leuven.be/vacatures
 52/243 OK        —     Gemeente/Commune La Hulpe          https://www.lahulpe.be/vivre-a-la-hulpe/empl
 53/243 MISS      —     Gemeente/Commune Linkebeek         
 54/243 MISS      —     Gemeente/Commune Mechelen          
 55/243 MISS      —     Gemeente/Commune Ottignies-Louvain 
 56/243 MISS      —     Gemeente/Commune Overijse          
 57/243 OK        —     Gemeente/Commune Machelen          https://www.machelen.be/vacatures
 58/243 MISS      —     Gemeente/Commune Sint-Genesius-Rod 
 59/243 MISS      —     Gemeente/Commune Rixensart         
 60/243 OK    344d ago  Gemeente/Commune Tervuren          https://www.tervuren.be/jobs
 61/243 OK      0d ago  Gemeente/Commune Sint-Pieters-Leeu https://www.sint-pieters-leeuw.be/werken-ond
 62/243 OK      0d ago  Gemeente/Commune Vilvoorde         https://www.vilvoorde.be/vacatures
 63/243 OK        —     Gemeente/Commune Waterloo          https://www.waterloo.be/economie/emploi/offr
 64/243 OK      0d ago  Gemeente/Commune Wavre             https://www.wavre.be/offres-demploi
 65/243 MISS      —     Gemeente/Commune Wemmel            
 66/243 OK    895d ago  Gemeente/Commune Zaventem          https://www.zaventem.be/thema/detail/110/vac
 67/243 OK    752d ago  Gemeente/Commune Wezembeek-Oppem   https://www.wezembeek-oppem.be/werken-voor-g
 68/243 MISS      —     Edelman Brussels                   
 69/243 MED    93d ago  Instinctif Partners                https://www.teamlewis.com/uk/instinctif-part
 70/243 MISS      —     Mexican Mission to the EU          
 71/243 MISS      —     Blomeyer & Sanz                    
 72/243 MISS      —     Mission of Chile to the EU         
 73/243 OK        —     VDAB Brussel                       https://www.vdab.be/vindeenjob/jobs/brussel-
 74/243 MISS      —     equal.brussels                     
