Enriching 115 of 413 organisations (Brave)

  1/115 MISS      —     Gemeente/Commune Ottignies-Louvain 
  2/115 MISS    0d ago  Gemeente/Commune Sint-Genesius-Rod 
  3/115 MISS      —     Commune Molenbeek-Saint-Jean / Sin 
  4/115 MISS      —     Cecoforma                          
  5/115 MISS      —     Edelman Brussels                   
  6/115 MISS      —     Gemeente/Commune Rixensart         
  7/115 MISS    0d ago  Gemeente/Commune Drogenbos         
  8/115 MISS      —     Intercultural training / DEI freel 
  9/115 MISS      —     Commune Forest / Vorst             
 10/115 MISS      —     Gemeente/Commune Overijse          
 11/115 MISS      —     Mission of Colombia to the EU      
 12/115 MISS      —     Publications Office / EU Newsroom  
 13/115 MISS      —     IFRC Europe / Brussels             
 14/115 MISS      —     Mission of Peru to the EU          
 15/115 MISS      —     OCHA Brussels (Liaison)            
 16/115 MISS      —     Euractiv                           
 17/115 MED     1d ago  11.11.11 is de koepel van internat https://11.be/en/vacancies
 18/115 OK    269d ago  Gemeente/Commune Wemmel            https://www.gemeentejob.be/vacatures/
 19/115 MED       —     Commune de Koekelberg              https://www.koekelberg.be/w/index.php?cont=2
 20/115 MISS      —     ActionAid EU                       
 21/115 MISS      —     Amnesty International EU Office    
 22/115 MED     0d ago  Mexican Mission to the EU          https://eu-careers.europa.eu/en/job-opportun
 23/115 MISS      —     Blomeyer & Sanz                    
 24/115 MED     0d ago  Mission of Chile to the EU         https://www.eeas.europa.eu/eeas/vacancies_en
 25/115 MISS      —     EUobserver                         
 26/115 OK    686d ago  Instinctif Partners                https://www.teamlewis.com/au/magazine/a-care
 27/115 MISS      —     Action Mondiale pour la Solidarité 
 28/115 MED       —     CEPAG (Centre d'Education Populair https://cepag.be/archive_drupal/the-partners
 29/115 MISS      —     CIFCA (Copenhagen Initiative for C 
 30/115 MISS      —     Action-développement parrainages m 
 31/115 MISS 3474d ago  Association Belgo Palestinienne    
 32/115 MISS   47d ago  Centrale Générale des Syndicats Li 
 33/115 MISS      —     Autre Terre                        
 34/115 MISS      —     Banlieues                          
 35/115 MED     2d ago  BePax                              https://www.brussels.be/current-vacancies
 36/115 MED   525d ago  Comité pour l'Abolition des Dettes https://www.cadtm.org/Goldilocks-and-the-las
 37/115 MED    29d ago  Conseil de la jeunesse catholique  https://archipel.be
 38/115 OK        —     CCME (Churches' Commission for Mig https://ccmeurope.recruitee.com/l/en
 39/115 MED   112d ago  CGRA / CGVS (Refugees & Stateless  https://www.cgrs.be/en/content/jobs
 40/115 MISS      —     Convivial                          
 41/115 OK        —     Caritas Europa                     https://www.caritasinternational.be/en/jobs/
 42/115 MISS  297d ago  Casa Nicaragua asbl Pierreuse & Ai 
 43/115 MISS      —     Entraide                           
 44/115 MISS      —     Entraide et Fraternite             
 45/115 MISS      —     Equinet                            
 46/115 MISS      —     Centre Tricontinental (CETRI)      
 47/115 MISS 4011d ago  FIAN Belgium                       
 48/115 MISS      —     Collectif d'échanges pour la Techn 
 49/115 MISS   45d ago  Comité belge de soutien au Peuple  
 50/115 MISS      —     Fair Trials                        
 51/115 MISS      —     Coopération par l'Education et la  
 52/115 MISS      —     Coordination et Initiatives pour R 
 53/115 MED     0d ago  EAPN (European Anti-Poverty Networ https://eu-careers.europa.eu/en/job-opportun
 54/115 MISS      —     Education globale & développement  
 55/115 MISS      —     European Network on Statelessness  
 56/115 MISS  540d ago  Humundi (ex-SOS Faim)              
 57/115 MISS      —     IPPF European Network              
 58/115 MED     0d ago  ITECO                              https://www.iteco.be/spip.php?doc=1403&from=
 59/115 MED  2919d ago  Ifsi Isvi                          https://www.ifsi-isvi.be/nl/algemeen/waardig
 60/115 MISS      —     FIDH EU Office                     
 61/115 MED       —     Intal                              https://www.brusselsjobs.com/jobs/informatio
 62/115 MISS      —     FOS (Socialistische Solidariteit)  
 63/115 MISS      —     Foyer vzw                          
 64/115 MISS   26d ago  Frères des Hommes                  
 65/115 MISS      —     Global Health Advocates            
 66/115 MISS      —     Logo du Collectif stratégies alime 
 67/115 MISS      —     Help Osra Ethiopia                 
 68/115 MED    16d ago  Institut Eco-Conseil               https://www.eco-conseil.be/linstitut-eco-con
 69/115 MISS      —     Mentor-Escale                      
 70/115 OK    659d ago  Médecins du Monde                  https://www.medecinsdumonde.org/en/all-our-v
 71/115 MISS      —     Nonviolent Peaceforce              
 72/115 MISS      —     MRAX                               
 73/115 MED       —     La Strada International            https://www.brusselsjobs.com/jobs/belgium
 74/115 MED     2d ago  Le Logo de LHAC                    https://www.brussels.be/current-vacancies
 75/115 MISS      —     Le Monde selon les Femmes          
 76/115 MISS      —     Quinoa asbl                        
 77/115 MED   659d ago  Medecins du Monde Belgique         https://www.medecinsdumonde.org/en/all-our-v
 78/115 MISS      —     Outlook 365                        
 79/115 MISS      —     Outlook Live                       
 80/115 MISS      —     Search for Common Ground - Europea 
 81/115 MISS      —     OIDHACO (Oficina Internacional de  
 82/115 MISS      —     Terre des Hommes EU Office         
 83/115 MISS  966d ago  Via Don Bosco                      
 84/115 MISS      —     Service civil international (SCI)  
 85/115 MISS  827d ago  WAPA International                 
 86/115 MED    65d ago  We Social Movements (WSM)          https://be.usembassy.gov/jobs/
 87/115 MISS      —     World Vision Brussels              
 88/115 MISS      —     Front Line Defenders - EU Office   
 89/115 MED     0d ago  SOS Faim                           https://www.humundi.org/en/homepage/
 90/115 MISS      —     Friedrich-Ebert-Stiftung EU Office 
 91/115 MISS      —     Friedrich-Naumann-Stiftung         
 92/115 MISS      —     Centre Avec                        
 93/115 MED     0d ago  Etopia (Ecolo)                     https://eu-careers.europa.eu/en/job-opportun
 94/115 MISS      —     Instituto Cervantes Bruselas       
 95/115 MISS      —     Konrad-Adenauer-Stiftung European  
 96/115 MISS      —     Fundacion Carolina                 
 97/115 MISS      —     Jesuit Refugee Service Europe      
 98/115 MISS      —     International Crisis Group         
 99/115 MISS      —     EPHEC                              
100/115 OK        —     Ghent University (UGent)           https://www.ugent.be/en/work/mobility-career
101/115 MISS      —     HE2B (Haute École Bruxelles-Braban 
102/115 MISS      —     MigratieMuseum Migration           
103/115 MISS      —     Prospex Institute                  
104/115 MED     0d ago  Transform! Europe                  https://eu-careers.europa.eu/en/job-opportun
105/115 MISS      —     Royal Military Academy             
106/115 MISS      —     United Nations University - CRIS   
107/115 MISS      —     Université ouverte / Open Universi 
108/115 MISS      —     Vlerick Business School            
109/115 MED       —     Odisee                             https://odisee.cvw.io/?lang=nl-BE
110/115 OK      0d ago  Bozar (Centre for Fine Arts)       https://www.luca-arts.be/en/vacancies
111/115 MISS      —     Red Star Line Museum               
112/115 MISS      —     Pax Christi International          
113/115 MISS      —     Reporters Without Borders (RSF)    
114/115 MISS      —     SOLIDAR                            
115/115 MED    43d ago  WSM (Wereldsolidariteit / Solidari https://www.wsm.be/en/page-292/

======================================================================
  careers page: high=259  none=85  medium=69
  with a last-updated date: 86/413
