Enriching 159 of 665 organisations (Brave)

  1/159 MISS      —     Belgian Development Agency (Enabel 
  2/159 MISS      —     Conseil supérieur de la Justice    
  3/159 MISS      —     Federal Institute for Sustainable  
  4/159 MISS      —     Brussels Studies Institute         
  5/159 MISS      —     Bruxelles Prévention & Sécurité    
  6/159 MISS      —     FPS Social Security - Internationa 
  7/159 MISS      —     equal.brussels                     
  8/159 MISS      —     Commune Molenbeek-Saint-Jean / Sin 
  9/159 MISS      —     Conseil du contentieux des étrange 
 10/159 MISS      —     Institute for the Equality of Wome 
 11/159 MISS      —     CGRA / CGVS (Refugees & Stateless  
 12/159 MISS      —     Flanders Department of Foreign Aff 
 13/159 MED       —     BIO (Belgian Investment Company fo https://www.biovia.be/jobs
 14/159 MISS      —     Gemeente/Commune Drogenbos         
 15/159 MISS      —     Finexpo                            
 16/159 MISS      —     Brussels International             
 17/159 MISS      —     Gemeente/Commune Ottignies-Louvain 
 18/159 MISS      —     Gemeente/Commune Asse              
 19/159 MISS      —     Commune Woluwe-Saint-Pierre / Sint 
 20/159 MISS      —     Commune Schaerbeek / Schaarbeek    
 21/159 MISS      —     Gemeente/Commune Rixensart         
 22/159 MISS      —     Gemeente/Commune Linkebeek         
 23/159 MISS      —     Commune de Saint-Josse-ten-Noode   
 24/159 MISS      —     Gemeente/Commune Sint-Genesius-Rod 
 25/159 MISS      —     Gemeente/Commune Halle             
 26/159 MED       —     Cecoforma                          https://www.cecoforma.com/jobs
 27/159 MISS      —     Intercultural training / DEI freel 
 28/159 MISS      —     Institut français Belgique         
 29/159 MISS      —     Gemeente/Commune Overijse          
 30/159 MED       —     Edelman Brussels                   https://www.edelman.com/careers/brussels
 31/159 MISS      —     Alliance Française Bruxelles-Europ 
 32/159 MISS      —     Italian Cultural Institute         
 33/159 MISS      —     Commune Saint-Josse-ten-Noode / Si 
 34/159 MISS      —     ACP Secretariat (OACPS)            
 35/159 MISS      —     Blomeyer & Sanz                    
 36/159 MISS      —     Benelux Union                      
 37/159 MED       —     European Council                   https://www.consilium.europa.eu/en/general-s
 38/159 MISS      —     Instituto Cervantes Bruselas       
 39/159 MISS      —     Gemeente/Commune Wemmel            
 40/159 MISS      —     NATO Parliamentary Assembly        
 41/159 MISS      —     IMF Europe office                  
 42/159 MED       —     ECHA                               https://echa.europa.eu/traineeships-vacancie
 43/159 MISS      —     International Organisation of La F 
 44/159 MISS      —     UN Liaison Offices in Brussels     
 45/159 MISS      —     UZA (Antwerp University Hospital)  
 46/159 MISS      —     IFRC Europe / Brussels             
 47/159 MISS      —     Institute of Tropical Medicine cli 
 48/159 MISS      —     OCHA Brussels (Liaison)            
 49/159 MED       —     NCIA (NATO Communications and Info https://www.ncia.nato.int/careers
 50/159 MISS      —     UNU (United Nations University)    
 51/159 MED       —     UNHCR - Representation to the EU   https://www.unhcr.org/be/nl-be/over-ons/vaca
 52/159 MED       —     IOM (International Organization fo https://www.iom.int/work-with-us
 53/159 MISS      —     AECID (Spanish Development Coopera 
 54/159 MISS      —     CAF - Development Bank of Latin Am 
 55/159 MISS      —     CIFCA (Copenhagen Initiative for C 
 56/159 MISS      —     Médecins Sans Frontières (Operatio 
 57/159 MED       —     European Court of Human Rights     https://www.echr.coe.int/employment-and-trai
 58/159 MISS      —     Enlazando Alternativas / Latin Ame 
 59/159 MISS      —     Camões Institute                   
 60/159 MED       —     UNRWA (UN Relief and Works Agency  https://www.unrwa.org/careers
 61/159 MED       —     UNDP (UN Development Programme)    https://www.undp.org/careers
 62/159 MISS      —     Entraide et Fraternite             
 63/159 MISS      —     Grupo Sur                          
 64/159 MISS      —     OEI (Organización de Estados Ibero 
 65/159 MISS      —     Inter-American Development Bank (I 
 66/159 MISS      —     EUobserver                         
 67/159 MISS      —     Mercosur Mission to the EU         
 68/159 MISS      —     FOS (Socialistische Solidariteit)  
 69/159 MISS      —     OIDHACO (Oficina Internacional de  
 70/159 MISS      —     Instituto Cervantes Brussels       
 71/159 MISS      —     ActionAid EU                       
 72/159 MISS      —     Fundacion Carolina                 
 73/159 MISS      —     11.11.11 is de koepel van internat 
 74/159 MISS      —     Amnesty International EU Office    
 75/159 MED       —     Publications Office / EU Newsroom  https://op.europa.eu/en/web/about-us/career-
 76/159 MISS      —     ACDA, Action et Coopération pour l 
 77/159 MISS      —     Action Mondiale pour la Solidarité 
 78/159 MISS      —     BePax                              
 79/159 MISS      —     Action-développement parrainages m 
 80/159 MISS      —     Akay Esseboe                       
 81/159 MISS      —     Centrale Générale des Syndicats Li 
 82/159 MISS      —     Alterbrussels                      
 83/159 MISS      —     Association Belgo Palestinienne    
 84/159 MISS      —     Autre Terre                        
 85/159 MISS      —     Convivial                          
 86/159 MISS      —     Banlieues                          
 87/159 MISS      —     Bissongo                           
 88/159 MISS      —     Entraide                           
 89/159 MED       —     Equinet                            https://equineteurope.org/vacancies/
 90/159 MISS      —     European Network on Statelessness  
 91/159 MISS      —     FIAN Belgium                       
 92/159 MISS      —     FIDH EU Office                     
 93/159 MISS      —     Fair Trials                        
 94/159 MISS      —     Front Line Defenders - EU Office   
 95/159 MISS      —     Casa Nicaragua asbl Pierreuse & Ai 
 96/159 MISS      —     Global Health Advocates            
 97/159 MISS      —     Centre Tricontinental (CETRI)      
 98/159 MISS      —     Humundi (ex-SOS Faim)              
 99/159 MED       —     IPPF European Network              https://europe.ippf.org/jobs-and-opportuniti
100/159 MISS      —     Intal                              
101/159 MISS      —     Jesuit Refugee Service Europe      
102/159 MISS      —     Collectif d'échanges pour la Techn 
103/159 MISS      —     MRAX                               
104/159 MISS      —     Mentor-Escale                      
105/159 MISS      —     Mouvement ouvrier chrétien - MOC   
106/159 MISS      —     Nonviolent Peaceforce              
107/159 MISS      —     Pax Christi International          
108/159 MISS      —     Quinoa asbl                        
109/159 MISS      —     Reporters Without Borders (RSF)    
110/159 MISS      —     Search for Common Ground - Europea 
111/159 MISS      —     Comité belge de soutien au Peuple  
112/159 MISS      —     Terre des Hommes EU Office         
113/159 MISS      —     Via Don Bosco                      
114/159 MISS      —     Coopération par l'Education et la  
115/159 MISS      —     We Social Movements (WSM)          
116/159 MISS      —     World Vision Brussels              
117/159 MISS      —     du Collectif stratégies alimentair 
118/159 MISS      —     Centre Avec                        
119/159 MISS      —     European Liberal Forum             
120/159 MISS      —     Friedrich Naumann Foundation Europ 
121/159 MISS      —     Friedrich-Ebert-Stiftung EU Office 
122/159 MISS      —     Friedrich-Naumann-Stiftung         
123/159 MISS      —     Hanns Seidel Stiftung Brussels     
124/159 MISS      —     Heinrich-Böll-Stiftung European Un 
125/159 MISS      —     Konrad-Adenauer-Stiftung European  
126/159 MISS      —     Prospex Institute                  
127/159 MISS      —     ACEA                               
128/159 MED       —     Airlines for Europe (A4E)          https://www.brusselsairlines.com/be/en/jobs
129/159 MISS      —     BusinessEurope                     
130/159 MISS      —     Cembureau                          
131/159 MISS      —     Climate Action Network Europe      
132/159 MISS      —     ETNO                               
133/159 MISS      —     EUROFER                            
134/159 MISS      —     EuroCommerce                       
135/159 MISS      —     Eurodiaconia                       
136/159 MISS      —     Eurogas                            
137/159 MISS      —     Eurometaux                         
138/159 MISS      —     European Environmental Bureau (EEB 
139/159 MISS      —     IATA Europe                        
140/159 MISS      —     IRU                                
141/159 MISS      —     Plastics Europe                    
142/159 MISS      —     SMEunited                          
143/159 MED       —     ETUI (European Trade Union Institu https://www.etui.org/about-etui/tenders-vaca
144/159 MISS      —     EPHEC                              
145/159 MISS      —     HE2B (Haute École Bruxelles-Braban 
146/159 MISS      —     Education globale & développement  
147/159 MISS      —     MigratieMuseum Migration           
148/159 MISS      —     Red Star Line Museum               
149/159 MED       —     Royal Military Academy             https://rma.ac.be/en/jobs
150/159 MISS      —     United Nations University - CRIS   
151/159 MED       —     Odisee                             https://www.odisee.be/vacatures
152/159 MISS      —     Vlerick Business School            
153/159 MISS      —     Université ouverte / Open Universi 
154/159 MISS      —     Frères des Hommes                  
155/159 MISS      —     Help Osra Ethiopia                 
156/159 MISS      —     Le Monde selon les Femmes          
157/159 MISS      —     Service civil international (SCI)  
158/159 MED       —     WAPA International                 https://www.wapa.gov/jobs/vacancies/
159/159 MED       —     British Council Brussels           https://www.britishcouncil.be/about/careers

======================================================================
  careers page: high=411  none=139  medium=115
  with a last-updated date: 180/665
