Enriching 63 of 413 organisations (Brave)

  1/63 MISS      —     Gemeente/Commune Ottignies-Louvain 
  2/63 MISS      —     Gemeente/Commune Rixensart         
  3/63 MISS      —     Commune Forest / Vorst             
  4/63 MISS      —     Gemeente/Commune Overijse          
  5/63 MISS      —     Edelman Brussels                   
  6/63 MISS      —     Commune Molenbeek-Saint-Jean / Sin 
  7/63 OK        —     Actiris                            https://www.actiris.brussels/fr/citoyens/off
  8/63 MISS    0d ago  Gemeente/Commune Drogenbos         
  9/63 MISS      —     Mission of Colombia to the EU      
 10/63 MED     2d ago  Gemeente/Commune Mechelen          https://www.brussels.be/current-vacancies
 11/63 MISS      —     IFRC Europe / Brussels             
 12/63 MISS      —     OCHA Brussels (Liaison)            
 13/63 MED     0d ago  Commune de Saint-Josse-ten-Noode   https://sjtn.brussels/fr/emplois-formations/
 14/63 MISS    0d ago  Gemeente/Commune Sint-Genesius-Rod 
 15/63 MISS      —     Cecoforma                          
 16/63 MED     0d ago  Mission of Argentina to the EU     https://www.eeas.europa.eu/eeas/vacancies_en
 17/63 MISS      —     Intercultural training / DEI freel 
 18/63 MISS      —     Mission of Peru to the EU          
 19/63 MED       —     UNHCR - Representation to the EU   https://untalent.org/jobs-at-unhcr/in-anythi
 20/63 MISS      —     Euractiv                           
 21/63 MISS      —     Action Mondiale pour la Solidarité 
 22/63 MED     0d ago  Asmae                              https://eu-careers.europa.eu/en/job-opportun
 23/63 MED     2d ago  Akay Esseboe                       https://www.brussels.be/current-vacancies
 24/63 MISS      —     CIFCA (Copenhagen Initiative for C 
 25/63 MED     2d ago  Alterbrussels                      https://www.brussels.be/current-vacancies
 26/63 MISS      —     Publications Office / EU Newsroom  
 27/63 MISS      —     Autre Terre                        
 28/63 MISS      —     Banlieues                          
 29/63 MED     2d ago  Bissongo                           https://www.brussels.be/current-vacancies
 30/63 MISS      —     Centre Tricontinental (CETRI)      
 31/63 MISS      —     Entraide                           
 32/63 MISS      —     Collectif d'échanges pour la Techn 
 33/63 MISS      —     Coopération par l'Education et la  
 34/63 MISS      —     Coordination et Initiatives pour R 
 35/63 MISS      —     Education globale & développement  
 36/63 MISS      —     ActionAid EU                       
 37/63 MED     2d ago  En savoir plus sur ces finalités   https://www.brussels.be/current-vacancies
 38/63 MISS      —     Logo du Collectif stratégies alime 
 39/63 MISS      —     Mentor-Escale                      
 40/63 MISS      —     Equinet                            
 41/63 MISS      —     Entraide et Fraternite             
 42/63 MISS      —     Help Osra Ethiopia                 
 43/63 MISS      —     IPPF European Network              
 44/63 MED    26d ago  Frères des Hommes                  https://www.freresdeshommes.org/
 45/63 MISS      —     Outlook 365                        
 46/63 MISS      —     Terre des Hommes EU Office         
 47/63 MISS      —     World Vision Brussels              
 48/63 MISS      —     Amnesty International EU Office    
 49/63 MISS      —     Outlook Live                       
 50/63 MISS      —     Konrad-Adenauer-Stiftung European  
 51/63 MISS      —     EPHEC                              
 52/63 MED     2d ago  Qu<P><                             https://www.brussels.be/current-vacancies
 53/63 MISS      —     MigratieMuseum Migration           
 54/63 MISS      —     United Nations University - CRIS   
 55/63 MISS      —     Université ouverte / Open Universi 
 56/63 MISS      —     Vlerick Business School            
 57/63 MISS      —     Search for Common Ground - Europea 
 58/63 MISS      —     Service civil international (SCI)  
 59/63 MISS      —     HE2B (Haute École Bruxelles-Braban 
 60/63 MISS      —     Fair Trials                        
 61/63 MISS      —     Nonviolent Peaceforce              
 62/63 MISS      —     Friedrich-Naumann-Stiftung         
 63/63 MISS      —     Friedrich-Ebert-Stiftung EU Office 

======================================================================
  careers page: high=264  medium=98  none=51
  with a last-updated date: 73/413
