Enriching 1895 of 2110 organisations (Brave)

  1/1895 OK        —     APEFE                              https://www.apefe.org/jobs/
  2/1895 OK        —     Actiris International              https://www.actiris.brussels/fr/citoyens/off
  3/1895 MED       —     Abogacía Española, Delegación en B https://www.abogacia.es/careers
  4/1895 OK        —     Académie de recherche et d'enseign https://academicpositions.com/jobs/country/b
  5/1895 MED   162d ago  ARD-Europabüro                     https://www.ard.de:443/die-ard/organisation-
  6/1895 MED       —     BIO (Belgian Investment Company fo https://www.biovia.be/jobs
  7/1895 MISS      —     Belbeef                            
  8/1895 MISS      —     Belgian Development Agency (Enabel 
  9/1895 MED     0d ago  Brussels Housing (Bruxelles Logeme https://eu-careers.europa.eu/en/working-and-
 10/1895 MISS      —     Brussels International             
 11/1895 MED       —     Airport Regions Council (ARC)      https://www.airportregions.org/about/careers
 12/1895 MISS      —     Brussels Studies Institute         
 13/1895 OK        —     Bruxelles Environnement / Leefmili https://environnement.brussels/offres-emploi
 14/1895 OK      0d ago  Bruxelles Formation                https://www.bruxellesformation.brussels/blog
 15/1895 MISS      —     Bruxelles Prévention & Sécurité    
 16/1895 MISS      —     Buy Better to Build Better Coaliti 
 17/1895 MISS      —     Association for Sustainable Proces 
 18/1895 MISS      —     CGRA / CGVS (Refugees & Stateless  
 19/1895 OK        —     Aqua Publica Europea (APE)         https://www.aquapublica.eu/article/news/vaca
 20/1895 MISS      —     CLP Coalition                      
 21/1895 OK        —     CPAS de Bruxelles / OCMW Brussel   https://jobs.ocmwbxl.brussels/nl/index.aspx
 22/1895 MED       —     Alliance Nationale des Mutualités  https://www.mc.be/fr/jobs-a-la-mc
 23/1895 MISS      —     Antiekbeurs van België             
 24/1895 MISS      —     Central Denmark EU Office (CDEU)   
 25/1895 MED     0d ago  Comité P / Comité R                https://eu-careers.europa.eu/en/job-opportun
 26/1895 MISS      —     Apatride Network                   
 27/1895 MISS      —     Conference of European Directors o 
 28/1895 MED       —     Carbon Capture  Storage Europe (CC https://www.ccs-europe.eu/webinar_ccs_as_a_b
 29/1895 MISS      —     Conseil du contentieux des étrange 
 30/1895 MISS      —     Conseil supérieur de la Justice    
 31/1895 MISS      —     Classifieds Marketplaces Europe (C 
 32/1895 OK     43d ago  Conseil des Communes et Régions d' https://ccre-cemr.org/jobs-call-for-proposal
 33/1895 OK    768d ago  Council of European Energy Regulat https://www.ceer.eu/about-us/careers/
 34/1895 MISS      —     Brussels Representation Office of  
 35/1895 OK     56d ago  Délégation générale Wallonie-Bruxe https://talents.wallonie.be/emploisdisponibl
 36/1895 OK      0d ago  De Vlaamse Waterweg nv (DVW)       https://www.vlaamsewaterweg.be/nl/vacatures
 37/1895 OK        —     De Vlaamse Radio- en Televisieomro https://jobs.vrt.be/nl/vacatures
 38/1895 MISS      —     Czech Business Representation (CEB 
 39/1895 OK    190d ago  EBRAINS AISBL                      https://ebrains.eu/about/ebrains-aisbl/caree
 40/1895 MED   236d ago  CCAM Association                   https://www.ccam.eu/reskilling-annual-virtua
 41/1895 MISS      —     EUROPEAN CHEMICAL REGIONS NETWORK  
 42/1895 MED   113d ago  Eureka Network AISBL               https://www.eurekanetwork.org/about-us/work-
 43/1895 MISS      —     Catheter-Associated Urinary Track  
 44/1895 MISS      —     EuroGeographics                    
 45/1895 MED  1369d ago  EuroGeoSurveys - The Geological Su https://eurogeosurveys.org/joint-conference-
 46/1895 MISS      —     European Association of Developmen 
 47/1895 OK        —     European Defense-Tech Association  https://vacancies.eda.europa.eu/vacancies
 48/1895 MED  1122d ago  EU Coalition on Structural Heart D https://structuralheartdiseasecoalition.eu/o
 49/1895 MISS      —     European Alliance for Plant-based  
 50/1895 MISS      —     European Biosafety Network         
 51/1895 MED    13d ago  Ending Discrimination Against Canc https://endingdiscrimination-cancersurvivors
 52/1895 MED       —     European Federation of Inland Port https://www.inlandports.eu/careers
 53/1895 OK        —     Conseil Supérieur de l'Audiovisuel https://www.csa.be/offres-demploi/
 54/1895 MISS      —     European Federation of Local and R 
 55/1895 MED   128d ago  European Hospital and Healthcare E https://hospeem.eu/join-us/
 56/1895 OK    289d ago  European Network of Network Operat https://www.clean-hydrogen.europa.eu/about-u
 57/1895 MED   307d ago  European Federation of Agencies an https://fedarene.org/join-us/
 58/1895 OK      0d ago  Assemblée des Régions Européennes  https://www.cor.europa.eu/en/about/work-us/j
 59/1895 OK      8d ago  European Film Agency Directors (EF https://cinea.ec.europa.eu/about-us/job-oppo
 60/1895 OK      0d ago  European Social Network AISBL (ESN https://www.esn-eu.org/news/can-improved-mob
 61/1895 OK   3554d ago  European State Forest Association  https://eustafor.eu/event/jobs-development-s
 62/1895 OK        —     European Federation of Building So https://www.eba.europa.eu/about-us/careers
 63/1895 OK      0d ago  FAIB, FEDERATION OF EUROPEAN & INT https://faib.org/job-platform/vacancies/
 64/1895 OK   1381d ago  FPS Justice - International cooper https://www.eurojust.europa.eu/about-us/jobs
 65/1895 MISS      —     FPS Social Security - Internationa 
 66/1895 MISS      —     Federal Institute for Sustainable  
 67/1895 OK    561d ago  European Travel Commission (ETC)   https://etc-corporate.org/careers/
 68/1895 MED       —     Federal Ombudsman                  https://www.ombudsman.europa.eu/office/caree
 69/1895 MISS      —     Finexpo                            
 70/1895 MISS      —     Flanders Department of Foreign Aff 
 71/1895 OK        —     Flemisch Data Utility Company - At https://athumi.eu/jobs
 72/1895 MED       —     Fabrique A                         https://www.brusselscrow.com/about/careers
