Enriching 163 of 665 organisations (Brave)

  1/163 MISS      —     Belgian Development Agency (Enabel 
  2/163 MISS      —     Conseil supérieur de la Justice    
  3/163 MISS      —     Federal Institute for Sustainable  
  4/163 MISS      —     Brussels Studies Institute         
  5/163 MISS      —     Bruxelles Prévention & Sécurité    
  6/163 MISS      —     FPS Social Security - Internationa 
  7/163 MISS      —     Conseil du contentieux des étrange 
  8/163 MISS      —     Commune Molenbeek-Saint-Jean / Sin 
  9/163 MISS      —     equal.brussels                     
 10/163 MISS      —     Institute for the Equality of Wome 
 11/163 MISS      —     CGRA / CGVS (Refugees & Stateless  
 12/163 MISS      —     BIO (Belgian Investment Company fo 
 13/163 MISS      —     Flanders Department of Foreign Aff 
 14/163 MISS      —     Gemeente/Commune Drogenbos         
 15/163 MISS      —     Finexpo                            
 16/163 MISS      —     Gemeente/Commune Asse              
 17/163 MISS      —     Gemeente/Commune Ottignies-Louvain 
 18/163 MISS      —     Brussels International             
 19/163 MISS      —     Commune Woluwe-Saint-Pierre / Sint 
 20/163 MISS      —     Commune Schaerbeek / Schaarbeek    
 21/163 MISS      —     Gemeente/Commune Rixensart         
 22/163 MISS      —     Gemeente/Commune Linkebeek         
 23/163 MISS      —     Cecoforma                          
 24/163 MISS      —     Edelman Brussels                   
 25/163 MISS      —     Gemeente/Commune Halle             
 26/163 MISS      —     Commune de Saint-Josse-ten-Noode   
 27/163 MISS      —     Gemeente/Commune Sint-Genesius-Rod 
 28/163 MISS      —     British Council Brussels           
 29/163 MISS      —     Institut français Belgique         
 30/163 MISS      —     Intercultural training / DEI freel 
 31/163 MISS      —     Gemeente/Commune Overijse          
 32/163 MISS      —     Alliance Française Bruxelles-Europ 
 33/163 MISS      —     European Council                   
 34/163 MISS      —     Italian Cultural Institute         
 35/163 MISS      —     ECHA                               
 36/163 MISS      —     Benelux Union                      
 37/163 MISS      —     European Court of Human Rights     
 38/163 MISS      —     ACP Secretariat (OACPS)            
 39/163 MISS      —     Blomeyer & Sanz                    
 40/163 OK    692d ago  Instinctif Partners                https://www.teamlewis.com/au/magazine/a-care
 41/163 MISS      —     Commune Saint-Josse-ten-Noode / Si 
 42/163 MISS      —     NATO Parliamentary Assembly        
 43/163 MISS      —     Instituto Cervantes Bruselas       
 44/163 MISS      —     Publications Office / EU Newsroom  
 45/163 MISS      —     IMF Europe office                  
 46/163 MISS      —     Gemeente/Commune Wemmel            
 47/163 MISS      —     IFRC Europe / Brussels             
 48/163 MISS      —     IOM (International Organization fo 
 49/163 MISS      —     International Organisation of La F 
 50/163 MISS      —     OCHA Brussels (Liaison)            
 51/163 OK        —     OECD (Organisation for Economic Co https://careers.smartrecruiters.com/OECD/oec
 52/163 MISS      —     UZA (Antwerp University Hospital)  
 53/163 MISS      —     NCIA (NATO Communications and Info 
 54/163 MISS      —     UNDP (UN Development Programme)    
 55/163 MISS      —     UNHCR - Representation to the EU   
 56/163 MISS      —     UNRWA (UN Relief and Works Agency  
 57/163 MISS      —     Institute of Tropical Medicine cli 
 58/163 MISS      —     AECID (Spanish Development Coopera 
 59/163 MISS      —     UN Liaison Offices in Brussels     
 60/163 MISS      —     CAF - Development Bank of Latin Am 
 61/163 MISS      —     Médecins Sans Frontières (Operatio 
 62/163 MISS      —     Enlazando Alternativas / Latin Ame 
 63/163 MISS      —     CIFCA (Copenhagen Initiative for C 
 64/163 MISS      —     Camões Institute                   
 65/163 MISS      —     UNU (United Nations University)    
 66/163 MISS      —     Entraide et Fraternite             
 67/163 MISS      —     Grupo Sur                          
 68/163 MISS      —     OEI (Organización de Estados Ibero 
 69/163 OK        —     FAO (Food and Agriculture Organiza https://jobs.fao.org/careersection/fao_exter
 70/163 MISS      —     EUobserver                         
 71/163 MISS      —     Inter-American Development Bank (I 
 72/163 MISS      —     OIDHACO (Oficina Internacional de  
 73/163 MISS      —     Mercosur Mission to the EU         
 74/163 MISS      —     FOS (Socialistische Solidariteit)  
 75/163 MISS      —     ActionAid EU                       
 76/163 MISS      —     Instituto Cervantes Brussels       
 77/163 MISS      —     Fundacion Carolina                 
 78/163 MISS      —     Amnesty International EU Office    
 79/163 MISS      —     11.11.11 is de koepel van internat 
 80/163 MISS      —     ACDA, Action et Coopération pour l 
 81/163 MED       —     WFP (World Food Programme)         https://www.wfp.org/careers
 82/163 MISS      —     BePax                              
 83/163 MISS      —     Action Mondiale pour la Solidarité 
 84/163 MISS      —     Action-développement parrainages m 
 85/163 MISS      —     Centrale Générale des Syndicats Li 
 86/163 MISS      —     Akay Esseboe                       
 87/163 MISS      —     Alterbrussels                      
 88/163 MISS      —     Association Belgo Palestinienne    
 89/163 MISS      —     Convivial                          
 90/163 MISS      —     Autre Terre                        
 91/163 MISS      —     Banlieues                          
 92/163 MISS      —     Entraide                           
 93/163 MISS      —     Equinet                            
 94/163 MISS      —     European Network on Statelessness  
 95/163 MISS      —     FIAN Belgium                       
 96/163 MISS      —     FIDH EU Office                     
 97/163 MISS      —     Fair Trials                        
 98/163 MISS      —     Front Line Defenders - EU Office   
 99/163 MISS      —     Bissongo                           
100/163 MISS      —     Global Health Advocates            
101/163 MISS      —     Casa Nicaragua asbl Pierreuse & Ai 
102/163 MISS      —     Humundi (ex-SOS Faim)              
103/163 MISS      —     IPPF European Network              
104/163 MISS      —     Intal                              
105/163 MISS      —     Jesuit Refugee Service Europe      
106/163 MISS      —     Centre Tricontinental (CETRI)      
107/163 MISS      —     MRAX                               
108/163 MISS      —     Mentor-Escale                      
109/163 MISS      —     Mouvement ouvrier chrétien - MOC   
110/163 MISS      —     Nonviolent Peaceforce              
111/163 MISS      —     Pax Christi International          
112/163 MISS      —     Quinoa asbl                        
113/163 MISS      —     Reporters Without Borders (RSF)    
114/163 MISS      —     Search for Common Ground - Europea 
115/163 MISS      —     Collectif d'échanges pour la Techn 
116/163 MISS      —     Terre des Hommes EU Office         
117/163 MISS      —     Via Don Bosco                      
118/163 MISS      —     Comité belge de soutien au Peuple  
119/163 MISS      —     We Social Movements (WSM)          
120/163 MISS      —     World Vision Brussels              
121/163 MISS      —     du Collectif stratégies alimentair 
122/163 MISS      —     Centre Avec                        
123/163 MISS      —     European Liberal Forum             
124/163 MISS      —     Friedrich Naumann Foundation Europ 
125/163 MISS      —     Friedrich-Ebert-Stiftung EU Office 
126/163 MISS      —     Friedrich-Naumann-Stiftung         
127/163 MISS      —     Hanns Seidel Stiftung Brussels     
128/163 MISS      —     Heinrich-Böll-Stiftung European Un 
129/163 MISS      —     Konrad-Adenauer-Stiftung European  
130/163 MISS      —     Prospex Institute                  
131/163 MISS      —     ACEA                               
132/163 MISS      —     Airlines for Europe (A4E)          
133/163 MISS      —     BusinessEurope                     
134/163 MISS      —     Cembureau                          
135/163 MISS      —     Climate Action Network Europe      
136/163 MISS      —     ETNO                               
137/163 MISS      —     EUROFER                            
138/163 MISS      —     EuroCommerce                       
139/163 MISS      —     Eurodiaconia                       
140/163 MISS      —     Eurogas                            
141/163 MISS      —     Eurometaux                         
142/163 MISS      —     European Environmental Bureau (EEB 
143/163 MISS      —     IATA Europe                        
144/163 MISS      —     IRU                                
145/163 MISS      —     Plastics Europe                    
146/163 MISS      —     SMEunited                          
147/163 MISS      —     ETUI (European Trade Union Institu 
148/163 MISS      —     EPHEC                              
149/163 MISS      —     HE2B (Haute École Bruxelles-Braban 
150/163 MISS      —     MigratieMuseum Migration           
151/163 MISS      —     Odisee                             
152/163 MISS      —     Red Star Line Museum               
153/163 MISS      —     Royal Military Academy             
154/163 MISS      —     United Nations University - CRIS   
155/163 MISS      —     Coopération par l'Education et la  
156/163 MISS      —     Université ouverte / Open Universi 
157/163 MISS      —     Vlerick Business School            
158/163 MISS      —     Education globale & développement  
159/163 MISS      —     Frères des Hommes                  
160/163 MISS      —     Help Osra Ethiopia                 
161/163 MISS      —     Le Monde selon les Femmes          
162/163 MISS      —     Service civil international (SCI)  
163/163 MISS      —     WAPA International                 

======================================================================
  careers page: high=411  none=159  medium=95
  with a last-updated date: 180/665
